<?xml version="1.0" encoding="UTF-8"?>
<testsuite name="NumbersTest" tests="1" skipped="0" failures="0" errors="0" timestamp="2019-10-08T20:51:49" hostname="shine-VirtualBox" time="0.002">
  <properties/>
  <testcase name="sumsTest" classname="NumbersTest" time="0.002"/>
  <system-out><![CDATA[]]></system-out>
  <system-err><![CDATA[]]></system-err>
</testsuite>
